This is e-pTeX, Version 3.14159265-p3.8.3-191112-2.6 (utf8.euc) (TeX Live 2020) (preloaded format=platex 2020.12.16)  23 MAY 2021 00:28
entering extended mode
 restricted \write18 enabled.
 file:line:error style messages enabled.
 %&-line parsing enabled.
**settheory2.tex
(./settheory2.tex
pLaTeX2e <2020-10-01>+1 (based on LaTeX2e <2020-10-01> patch level 1)
L3 programming layer <2020-10-05> xparse <2020-03-03>
(/Applications/TeXLive/Library/texlive/2020/texmf-dist/tex/platex/jsclasses/jsa
rticle.cls
Document Class: jsarticle 2020/10/09 jsclasses (okumura, texjporg)

(/Applications/TeXLive/Library/texlive/2020/texmf-dist/tex/latex/base/leqno.clo
File: leqno.clo 2016/12/29 v1.2b Standard LaTeX option (left equation numbers)
)
\jsc@mpt=\dimen154
\jsc@mmm=\dimen155
\jsc@smallskipamount=\skip47
LaTeX Info: Redefining \textmc on input line 497.
LaTeX Info: Redefining \textgt on input line 499.
\symmincho=\mathgroup4
LaTeX Font Info:    Overwriting symbol font `mincho' in version `bold'
(Font)                  JY1/mc/m/n --> JY1/gt/m/n on input line 561.
LaTeX Font Info:    Font shape `JT1/mc/m/n' will be
(Font)              scaled to size 9.60999pt on input line 755.
LaTeX Font Info:    Font shape `JY1/mc/m/n' will be
(Font)              scaled to size 9.60999pt on input line 755.
\fullwidth=\dimen156
LaTeX Font Info:    Font shape `JT1/mc/m/n' will be
(Font)              scaled to size 7.68799pt on input line 908.
LaTeX Font Info:    Font shape `JY1/mc/m/n' will be
(Font)              scaled to size 7.68799pt on input line 908.
\c@part=\count174
\c@section=\count175
\c@subsection=\count176
\c@subsubsection=\count177
\c@paragraph=\count178
\c@subparagraph=\count179
\@abstractbox=\box64
\c@figure=\count180
\c@table=\count181
\abovecaptionskip=\skip48
\belowcaptionskip=\skip49
\jsc@tocl@width=\dimen157
\@lnumwidth=\dimen158
\bibindent=\dimen159

(/Applications/TeXLive/Library/texlive/2020/texmf-dist/tex/platex/jsclasses/jsl
ogo.sty
Package: jslogo 2019/07/25 okumura, texjporg
LaTeX Info: Redefining \TeX on input line 82.
LaTeX Info: Redefining \LaTeX on input line 135.
LaTeX Info: Redefining \LaTeXe on input line 188.
)
\heisei=\count182
)
(/Applications/TeXLive/Library/texlive/2020/texmf-dist/tex/latex/amsmath/amsmat
h.sty
Package: amsmath 2020/09/23 v2.17i AMS math features
\@mathmargin=\skip50

For additional information on amsmath, use the `?' option.

(/Applications/TeXLive/Library/texlive/2020/texmf-dist/tex/latex/amsmath/amstex
t.sty
Package: amstext 2000/06/29 v2.01 AMS text

(/Applications/TeXLive/Library/texlive/2020/texmf-dist/tex/latex/amsmath/amsgen
.sty
File: amsgen.sty 1999/11/30 v2.0 generic functions
\@emptytoks=\toks16
\ex@=\dimen160
))
(/Applications/TeXLive/Library/texlive/2020/texmf-dist/tex/latex/amsmath/amsbsy
.sty
Package: amsbsy 1999/11/29 v1.2d Bold Symbols
\pmbraise@=\dimen161
)
(/Applications/TeXLive/Library/texlive/2020/texmf-dist/tex/latex/amsmath/amsopn
.sty
Package: amsopn 2016/03/08 v2.02 operator names
)
\inf@bad=\count183
LaTeX Info: Redefining \frac on input line 234.
\uproot@=\count184
\leftroot@=\count185
LaTeX Info: Redefining \overline on input line 399.
\classnum@=\count186
\DOTSCASE@=\count187
LaTeX Info: Redefining \ldots on input line 496.
LaTeX Info: Redefining \dots on input line 499.
LaTeX Info: Redefining \cdots on input line 620.
\Mathstrutbox@=\box65
\strutbox@=\box66
\big@size=\dimen162
LaTeX Font Info:    Redeclaring font encoding OML on input line 743.
LaTeX Font Info:    Redeclaring font encoding OMS on input line 744.
\macc@depth=\count188
\c@MaxMatrixCols=\count189
\dotsspace@=\muskip16
\c@parentequation=\count190
\dspbrk@lvl=\count191
\tag@help=\toks17
\row@=\count192
\column@=\count193
\maxfields@=\count194
\andhelp@=\toks18
\eqnshift@=\dimen163
\alignsep@=\dimen164
\tagshift@=\dimen165
\tagwidth@=\dimen166
\totwidth@=\dimen167
\lineht@=\dimen168
\@envbody=\toks19
\multlinegap=\skip51
\multlinetaggap=\skip52
\mathdisplay@stack=\toks20
LaTeX Info: Redefining \[ on input line 2923.
LaTeX Info: Redefining \] on input line 2924.
)
(/Applications/TeXLive/Library/texlive/2020/texmf-dist/tex/latex/amsfonts/amssy
mb.sty
Package: amssymb 2013/01/14 v3.01 AMS font symbols

(/Applications/TeXLive/Library/texlive/2020/texmf-dist/tex/latex/amsfonts/amsfo
nts.sty
Package: amsfonts 2013/01/14 v3.01 Basic AMSFonts support
\symAMSa=\mathgroup5
\symAMSb=\mathgroup6
LaTeX Font Info:    Redeclaring math symbol \hbar on input line 98.
LaTeX Font Info:    Overwriting math alphabet `\mathfrak' in version `bold'
(Font)                  U/euf/m/n --> U/euf/b/n on input line 106.
))
(/Applications/TeXLive/Library/texlive/2020/texmf-dist/tex/latex/tools/bm.sty
Package: bm 2019/07/24 v1.2d Bold Symbol Support (DPC/FMi)
\symboldoperators=\mathgroup7
\symboldletters=\mathgroup8
\symboldsymbols=\mathgroup9
\symboldmincho=\mathgroup10
LaTeX Font Info:    Redeclaring math alphabet \mathbf on input line 141.
LaTeX Info: Redefining \bm on input line 209.
)
(/Applications/TeXLive/Library/texlive/2020/texmf-dist/tex/latex/base/latexsym.
sty
Package: latexsym 1998/08/17 v2.2e Standard LaTeX package (lasy symbols)
\symlasy=\mathgroup11
LaTeX Font Info:    Overwriting symbol font `lasy' in version `bold'
(Font)                  U/lasy/m/n --> U/lasy/b/n on input line 52.
)
(/Applications/TeXLive/Library/texlive/2020/texmf-dist/tex/latex/jknapltx/mathr
sfs.sty
Package: mathrsfs 1996/01/01 Math RSFS package v1.0 (jk)
\symrsfs=\mathgroup12
)
(/Applications/TeXLive/Library/texlive/2020/texmf-dist/tex/platex/jsclasses/oku
macro.sty
Package: okumacro 2019/07/25 okumura, texjporg
LaTeX Info: Redefining \yen on input line 120.
\@scw=\dimen169
\scb@x=\box67
\EXAMPLEWIDTH=\dimen170
\shaderule=\dimen171
)
(/Applications/TeXLive/Library/texlive/2020/texmf-dist/tex/latex/amscls/amsthm.
sty
Package: amsthm 2020/05/29 v2.20.6
\thm@style=\toks21
\thm@bodyfont=\toks22
\thm@headfont=\toks23
\thm@notefont=\toks24
\thm@headpunct=\toks25
\thm@preskip=\skip53
\thm@postskip=\skip54
\thm@headsep=\skip55
\dth@everypar=\toks26
)
(/Applications/TeXLive/Library/texlive/2020/texmf-dist/tex/latex/comment/commen
t.sty
\CommentStream=\write3
 Excluding comment 'comment')
\c@defi=\count195
\c@defo=\count196
\c@valu=\count197
\c@gsub=\count198
\c@subs=\count199
\c@form=\count266
\c@skel=\count267
\c@dedu=\count268
\c@theo=\count269
\c@thm=\count270
\c@lemma=\count271

(/Applications/TeXLive/Library/texlive/2020/texmf-dist/tex/latex/l3backend/l3ba
ckend-dvips.def
File: l3backend-dvips.def 2020-09-24 L3 backend support: dvips
\l__pdf_internal_box=\box68
\g__pdf_backend_object_int=\count272
\l__pdf_backend_content_box=\box69
\l__pdf_backend_model_box=\box70
\g__pdf_backend_annotation_int=\count273
\g__pdf_backend_link_int=\count274
\g__pdf_backend_link_sf_int=\count275
) (./settheory2.aux)
\openout1 = `settheory2.aux'.

LaTeX Font Info:    Checking defaults for OML/cmm/m/it on input line 31.
LaTeX Font Info:    ... okay on input line 31.
LaTeX Font Info:    Checking defaults for OMS/cmsy/m/n on input line 31.
LaTeX Font Info:    ... okay on input line 31.
LaTeX Font Info:    Checking defaults for OT1/cmr/m/n on input line 31.
LaTeX Font Info:    ... okay on input line 31.
LaTeX Font Info:    Checking defaults for T1/cmr/m/n on input line 31.
LaTeX Font Info:    ... okay on input line 31.
LaTeX Font Info:    Checking defaults for TS1/cmr/m/n on input line 31.
LaTeX Font Info:    ... okay on input line 31.
LaTeX Font Info:    Checking defaults for OMX/cmex/m/n on input line 31.
LaTeX Font Info:    ... okay on input line 31.
LaTeX Font Info:    Checking defaults for U/cmr/m/n on input line 31.
LaTeX Font Info:    ... okay on input line 31.
LaTeX Font Info:    Checking defaults for JY1/mc/m/n on input line 31.
LaTeX Font Info:    ... okay on input line 31.
LaTeX Font Info:    Checking defaults for JT1/mc/m/n on input line 31.
LaTeX Font Info:    ... okay on input line 31.
LaTeX Font Info:    Font shape `JT1/mc/m/n' will be
(Font)              scaled to size 13.83836pt on input line 36.
LaTeX Font Info:    Font shape `JY1/mc/m/n' will be
(Font)              scaled to size 13.83836pt on input line 36.
LaTeX Font Info:    Font shape `JT1/gt/m/n' will be
(Font)              scaled to size 13.83836pt on input line 36.
LaTeX Font Info:    Font shape `JY1/gt/m/n' will be
(Font)              scaled to size 13.83836pt on input line 36.
LaTeX Font Info:    Font shape `JT1/gt/m/n' will be
(Font)              scaled to size 19.9311pt on input line 36.
LaTeX Font Info:    Font shape `JY1/gt/m/n' will be
(Font)              scaled to size 19.9311pt on input line 36.
LaTeX Font Info:    Font shape `JT1/mc/bx/n' in size <10> not available
(Font)              Font shape `JT1/gt/m/n' tried instead on input line 48.
LaTeX Font Info:    Font shape `JT1/gt/m/n' will be
(Font)              scaled to size 9.60999pt on input line 48.
LaTeX Font Info:    Font shape `JY1/mc/bx/n' in size <10> not available
(Font)              Font shape `JY1/gt/m/n' tried instead on input line 48.
LaTeX Font Info:    Font shape `JY1/gt/m/n' will be
(Font)              scaled to size 9.60999pt on input line 48.
LaTeX Font Info:    Font shape `JY1/mc/m/n' will be
(Font)              scaled to size 6.72699pt on input line 49.
LaTeX Font Info:    Font shape `JY1/mc/m/n' will be
(Font)              scaled to size 4.805pt on input line 49.
LaTeX Font Info:    Trying to load font information for U+msa on input line 49.


(/Applications/TeXLive/Library/texlive/2020/texmf-dist/tex/latex/amsfonts/umsa.
fd
File: umsa.fd 2013/01/14 v3.01 AMS symbols A
)
LaTeX Font Info:    Trying to load font information for U+msb on input line 49.


(/Applications/TeXLive/Library/texlive/2020/texmf-dist/tex/latex/amsfonts/umsb.
fd
File: umsb.fd 2013/01/14 v3.01 AMS symbols B
)
LaTeX Font Info:    Font shape `JY1/gt/m/n' will be
(Font)              scaled to size 6.72699pt on input line 49.
LaTeX Font Info:    Font shape `JY1/gt/m/n' will be
(Font)              scaled to size 4.805pt on input line 49.
LaTeX Font Info:    Trying to load font information for U+lasy on input line 49
.

(/Applications/TeXLive/Library/texlive/2020/texmf-dist/tex/latex/base/ulasy.fd
File: ulasy.fd 1998/08/17 v2.2e LaTeX symbol font definitions
)
LaTeX Font Info:    Trying to load font information for U+rsfs on input line 49
.

(/Applications/TeXLive/Library/texlive/2020/texmf-dist/tex/latex/jknapltx/ursfs
.fd
File: ursfs.fd 1998/03/24 rsfs font definition file (jk)
) [1

] [2] [3] [4] [5] [6] [7] [8] [9] [10] [11] [12] [13] [14] [15] [16]
[17] [18] [19] [20] [21] [22] [23] [24] [25] [26] [27] [28] [29] [30] [31]
[32] [33] [34] [35] [36] [37] [38] [39] [40] [41] [42] [43] [44] [45] [46]
[47] [48] [49] [50] [51] [52] [53] [54] [55] [56] [57] [58] [59] [60] [61]
[62] [63] [64] [65] [66] [67] [68] [69] [70] [71] [72] [73] [74] [75] [76]
[77] [78] [79] [80] [81] [82] [83] [84] [85] [86] [87] [88] [89] [90] [91]
[92] [93] [94] [95] [96] [97] [98] [99] [100] [101] [102] [103] [104] [105]
[106] [107] [108] [109] [110] [111] [112] [113] [114] [115] [116] [117]
[118] [119] [120] [121] [122] [123] [124] [125] [126] [127] [128] [129]
[130] [131] [132] [133] [134] [135] [136] [137] [138] [139] [140] [141]
[142] [143] [144] [145] [146] [147] [148] [149] [150] [151] [152] [153]
[154] [155] [156] [157] [158] [159] [160] [161] [162] [163] [164] [165]
[166] [167] [168] [169] [170] [171] [172] [173] [174] [175] [176] [177]
[178] [179] [180] [181] [182] [183] [184] [185] [186] [187] [188] [189]
[190] [191] [192] [193] [194] [195] [196] [197] [198] [199] [200] [201]
[202] [203] [204] [205] [206] [207] [208] [209] [210] [211] [212] [213]
[214] [215] [216] [217] [218]
LaTeX Font Info:    Font shape `JT1/mc/m/n' will be
(Font)              scaled to size 6.72699pt on input line 22309.
LaTeX Font Info:    Font shape `JT1/mc/m/n' will be
(Font)              scaled to size 4.805pt on input line 22309.
 [219] [220] [221] [222] [223] [224] [225]
[226] [227] [228] [229] [230] [231] [232] [233] [234] [235] [236]
LaTeX Font Info:    Font shape `JT1/mc/m/n' will be
(Font)              scaled to size 8.64899pt on input line 24041.
LaTeX Font Info:    Font shape `JY1/mc/m/n' will be
(Font)              scaled to size 8.64899pt on input line 24041.
LaTeX Font Info:    Font shape `JT1/mc/bx/n' in size <9> not available
(Font)              Font shape `JT1/gt/m/n' tried instead on input line 24043.
LaTeX Font Info:    Font shape `JT1/gt/m/n' will be
(Font)              scaled to size 8.64899pt on input line 24043.
LaTeX Font Info:    Font shape `JY1/mc/bx/n' in size <9> not available
(Font)              Font shape `JY1/gt/m/n' tried instead on input line 24043.
LaTeX Font Info:    Font shape `JY1/gt/m/n' will be
(Font)              scaled to size 8.64899pt on input line 24043.
LaTeX Font Info:    Font shape `JY1/mc/m/n' will be
(Font)              scaled to size 5.76599pt on input line 24044.
LaTeX Font Info:    Font shape `JY1/gt/m/n' will be
(Font)              scaled to size 5.76599pt on input line 24044.
 [237]
[238] [239] [240] [241] [242] [243] [244] [245] [246] [247] [248] [249]
[250] [251] [252] [253] [254]
LaTeX Font Info:    Font shape `U/lasy/b/n' in size <7> not available
(Font)              Font shape `U/lasy/m/n' tried instead on input line 25678.
LaTeX Font Info:    Font shape `U/lasy/b/n' in size <5> not available
(Font)              Font shape `U/lasy/m/n' tried instead on input line 25678.
 [255] [256] [257] [258] [259] [260] [261]
[262] [263] [264] [265] [266] [267] [268] [269] [270] [271] [272] [273]
[274] [275] [276] [277] [278] [279] [280] [281] [282] [283] [284] [285]
[286] [287] [288] [289] [290] [291] [292] [293] [294] [295] [296] [297]
[298] [299] [300] [301] [302]
LaTeX Font Info:    Font shape `JT1/mc/m/n' will be
(Font)              scaled to size 5.76599pt on input line 30108.
 [303] [304] [305] [306] [307] [308] [309]
[310] [311] [312] [313] [314] [315] [316] [317] [318] [319] [320] [321]
[322] [323] [324] [325] [326] [327] [328] [329] [330] [331] [332] [333]
[334] [335] [336] [337] [338] [339] [340] [341] [342] [343] [344] [345]
[346] [347] [348] [349] [350] [351] [352] [353] [354] [355] [356] [357]
[358] [359] [360] [361] [362] [363] [364] [365] [366] [367] [368] [369]
[370] [371] [372] [373] [374] [375] [376] [377] [378] [379] [380] [381]
[382] [383] [384] [385] [386] [387] [388] [389] [390] [391] [392] [393]
[394] [395] [396] [397] [398] [399] [400] [401] [402] [403] [404] [405]
[406] [407] [408] [409] [410] [411] [412] [413] [414] [415] [416] [417]
[418] [419] [420] [421] [422] [423] [424] [425] [426] [427] [428] [429]
[430] [431] [432] [433] [434] [435] [436] [437] [438] [439] [440] [441]
[442] [443] [444] [445] [446] [447] [448] [449] [450] [451] [452] [453]
[454] [455] [456] [457] [458] [459] [460] [461] [462] [463] [464] [465]
[466] [467] [468] [469] [470] [471] [472] [473] [474] [475] [476] [477]
[478] [479] [480] [481] [482] [483] [484] [485] [486] [487] [488] [489]
[490] [491] [492] [493] [494] [495] [496] [497] [498] [499] [500] [501]
[502] [503] [504] [505] [506] [507] [508] [509] [510] [511] [512] [513]
[514] [515] [516] [517] [518] [519] [520] [521] [522] [523] [524] [525]
[526] [527] [528] [529] [530] [531] [532] [533] [534] [535] [536] [537]
[538] [539] [540] [541] [542] [543] [544] [545] [546] [547] [548] [549]
[550] [551] [552] [553] [554] [555] [556] [557] [558] [559] [560] [561]
[562] [563] [564] [565] [566] [567] [568] [569] [570] [571] [572] [573]
[574] [575] [576] [577] [578] [579] [580] [581] [582] [583] [584] [585]
[586] [587] [588] [589] [590] [591] [592] [593] [594] [595] [596] [597]
[598] [599] [600] [601] [602] [603] [604] [605] [606] [607] [608] [609]
[610] [611] [612] [613] [614] [615] [616] [617] [618] [619] [620] [621]
[622] [623] [624] [625] [626] [627] [628] [629] [630] [631] [632] [633]
[634] [635] [636] [637] [638] [639] [640] [641] [642] [643] [644] [645]
[646] [647] [648] [649] [650] [651] [652] [653] [654] [655] [656] [657]
[658] [659] [660] [661] [662] [663] [664] [665] [666] [667] [668] [669]
[670] [671] [672] [673] [674] [675] [676] [677] [678] [679] [680] [681]
[682] [683] [684] [685] [686] [687] [688] [689] [690] [691] [692] [693]
[694] [695] [696] [697] [698] [699] [700] [701] [702] [703] [704] [705]
[706] [707] [708] [709] [710] [711] [712] [713] [714] [715] [716] [717]
[718] [719] [720] [721] [722] [723] [724] [725] [726] [727] [728] [729]
[730] [731] [732] [733] [734] [735] [736] [737] [738] [739] [740] [741]
[742] [743] [744] [745] [746] [747] [748] [749] [750] [751] [752] [753]
[754] [755] [756] [757] [758] [759] [760] [761] [762] [763] [764] [765]
[766] [767] [768] [769] [770] [771] [772] [773] [774] [775] [776] [777]
[778] [779] [780] [781] [782] [783] [784] [785] [786] [787] [788] [789]
[790] [791] [792] [793] [794] [795] [796] [797] [798] [799] [800] [801]
[802] [803] [804] [805] [806] [807] [808] [809] [810] [811] [812] [813]
[814] [815] [816] [817] [818] [819] [820] [821] [822] [823] [824] [825]
[826] [827] [828] [829] [830] [831] [832] [833] [834] [835] [836] [837]
[838] [839] [840] [841] [842] [843] [844] [845] [846] [847] [848] [849]
[850] [851] [852] [853] [854] [855] [856] [857] [858] [859] [860] [861]
[862] [863] [864] [865] [866] [867] [868] [869] [870] [871] [872] [873]
[874] [875] [876] [877] [878] [879] [880] [881] [882] [883] [884] [885]
[886] [887] [888] [889] [890] [891] [892] [893] [894] [895] [896] [897]
[898] [899] [900] [901] [902] [903] [904] [905] [906] [907] [908] [909]
[910] [911] [912] [913] [914] [915] [916] [917] [918] [919] [920] [921]
[922] [923] [924] [925] [926] [927] [928] [929] [930] [931] [932] [933]
[934] [935] [936] [937] [938] [939] [940] [941] [942] [943] [944] [945]
[946] [947] [948] [949] [950] [951] [952] [953] [954] [955] [956] [957]
[958] [959] [960] [961] [962] [963] [964] [965] [966] [967] [968] [969]
(./settheory2.aux) ) 
Here is how much of TeX's memory you used:
 5811 strings out of 480388
 84482 string characters out of 5887453
 369816 words of memory out of 5000000
 22567 multiletter control sequences out of 15000+600000
 554735 words of font info for 122 fonts, out of 8000000 for 9000
 934 hyphenation exceptions out of 8191
 65i,14n,72p,221b,341s stack positions out of 5000i,500n,10000p,200000b,80000s

Output written on settheory2.dvi (969 pages, 3357740 bytes).
